<?xml version="1.0" encoding="UTF-8"?>
<testng-results ignored="0" total="1" passed="1" failed="0" skipped="0">
  <reporter-output>
  </reporter-output>
  <suite started-at="2024-06-06T10:04:27 IST" name="Default suite" finished-at="2024-06-06T10:04:35 IST" duration-ms="8203">
    <groups>
    </groups>
    <test started-at="2024-06-06T10:04:27 IST" name="Default test" finished-at="2024-06-06T10:04:35 IST" duration-ms="8203">
      <class name="uk.co.automationtesting.AddRemoveItemBasket">
        <test-method is-config="true" signature="setup()[pri:0, instance:uk.co.automationtesting.AddRemoveItemBasket@6a192cfe]" started-at="2024-06-06T10:04:27 IST" name="setup" finished-at="2024-06-06T10:04:30 IST" duration-ms="2756" status="PASS">
          <reporter-output>
          </reporter-output>
        </test-method> <!-- setup -->
        <test-method signature="addRemoveItem()[pri:0, instance:uk.co.automationtesting.AddRemoveItemBasket@6a192cfe]" started-at="2024-06-06T10:04:30 IST" name="addRemoveItem" finished-at="2024-06-06T10:04:35 IST" duration-ms="4746" status="PASS">
          <reporter-output>
          </reporter-output>
        </test-method> <!-- addRemoveItem -->
        <test-method is-config="true" signature="tearDown()[pri:0, instance:uk.co.automationtesting.AddRemoveItemBasket@6a192cfe]" started-at="2024-06-06T10:04:35 IST" name="tearDown" finished-at="2024-06-06T10:04:35 IST" duration-ms="282" status="PASS">
          <reporter-output>
          </reporter-output>
        </test-method> <!-- tearDown -->
      </class> <!-- uk.co.automationtesting.AddRemoveItemBasket -->
    </test> <!-- Default test -->
  </suite> <!-- Default suite -->
</testng-results>
